<?xml version="1.0" encoding="UTF-8"?>
<!-- Generated by org.testng.reporters.JUnitXMLReporter -->
<testsuite ignored="0" hostname="LAPTOP-2ILAS4CI" failures="0" tests="6" name="Test" time="57.337" errors="0" timestamp="2022-11-30T22:42:57 IST">
  <testcase classname="searchBox.BrowserLaunch" name="VerifyIamFeelingButton" time="3.513"/>
  <testcase classname="searchBox.BrowserLaunch" name="VerifySearchBox" time="0.011"/>
  <testcase classname="searchBox.BrowserLaunch" name="VerifySearchBoxWithDifferentLanguage" time="0.837"/>
  <testcase classname="searchBox.BrowserLaunch" name="VerifySerachFieldWithMinText" time="0.064"/>
  <testcase classname="searchBox.BrowserLaunch" name="VerifySerachFieldWithTextSpecialCharNumber" time="0.098"/>
  <testcase classname="searchBox.BrowserLaunch" name="VerifyTrendingSerach" time="0.299"/>
</testsuite> <!-- Test -->
