<?xml version="1.0" encoding="UTF-8"?>
<!-- Generated by org.testng.reporters.JUnitXMLReporter -->
<testsuite ignored="10" hostname="LAPTOP-2ILAS4CI" failures="0" tests="1" name="Default test" time="7.791" errors="0" timestamp="2022-11-30T23:49:29 IST">
  <testcase classname="searchBox.BrowserLaunch" name="verifyMisspelledKeyword" time="2.965"/>
  <testcase classname="searchBox.BrowserLaunch" name="verifyMostSuitableResult" time="0.0">
    <ignored/>
  </testcase> <!-- verifyMostSuitableResult -->
  <testcase classname="searchBox.BrowserLaunch" name="verifySearchCount" time="0.0">
    <ignored/>
  </testcase> <!-- verifySearchCount -->
  <testcase classname="searchBox.BrowserLaunch" name="verifySearchbutton" time="0.0">
    <ignored/>
  </testcase> <!-- verifySearchbutton -->
  <testcase classname="searchBox.BrowserLaunch" name="VerifyTrendingSerach" time="0.0">
    <ignored/>
  </testcase> <!-- VerifyTrendingSerach -->
  <testcase classname="searchBox.BrowserLaunch" name="VerifySerachFieldWithTextSpecialCharNumber" time="0.0">
    <ignored/>
  </testcase> <!-- VerifySerachFieldWithTextSpecialCharNumber -->
  <testcase classname="searchBox.BrowserLaunch" name="VerifyIamFeelingButton" time="0.0">
    <ignored/>
  </testcase> <!-- VerifyIamFeelingButton -->
  <testcase classname="searchBox.BrowserLaunch" name="VerifySearchBoxWithDifferentLanguage" time="0.0">
    <ignored/>
  </testcase> <!-- VerifySearchBoxWithDifferentLanguage -->
  <testcase classname="searchBox.BrowserLaunch" name="VerifyLogo" time="0.0">
    <ignored/>
  </testcase> <!-- VerifyLogo -->
  <testcase classname="searchBox.BrowserLaunch" name="VerifySerachFieldWithMinText" time="0.0">
    <ignored/>
  </testcase> <!-- VerifySerachFieldWithMinText -->
  <testcase classname="searchBox.BrowserLaunch" name="VerifySearchBox" time="0.0">
    <ignored/>
  </testcase> <!-- VerifySearchBox -->
</testsuite> <!-- Default test -->
